<?xml version="1.0" encoding="UTF-8"?>
<testng-results ignored="2" total="6" passed="3" failed="1" skipped="0">
  <reporter-output>
  </reporter-output>
  <suite started-at="2024-04-27T00:01:46 IST" name="Suite" finished-at="2024-04-27T00:02:07 IST" duration-ms="20336">
    <groups>
    </groups>
    <test started-at="2024-04-27T00:01:46 IST" name="Test" finished-at="2024-04-27T00:02:07 IST" duration-ms="20336">
      <class name="testcases.VerifyRegistrationTestcases">
        <test-method is-config="true" signature="ExtentReport()[pri:0, instance:testcases.VerifyRegistrationTestcases@dd8ba08]" started-at="2024-04-27T00:01:46 IST" name="ExtentReport" finished-at="2024-04-27T00:01:46 IST" duration-ms="299" status="PASS">
          <reporter-output>
          </reporter-output>
        </test-method> <!-- ExtentReport -->
        <test-method is-config="true" signature="launchBrowserAndUrl()[pri:0, instance:testcases.VerifyRegistrationTestcases@dd8ba08]" started-at="2024-04-27T00:01:46 IST" name="launchBrowserAndUrl" finished-at="2024-04-27T00:01:49 IST" duration-ms="2976" status="PASS">
          <reporter-output>
          </reporter-output>
        </test-method> <!-- launchBrowserAndUrl -->
        <test-method signature="verifyRegisterationWithInValidData()[pri:1, instance:testcases.VerifyRegistrationTestcases@dd8ba08]" started-at="2024-04-27T00:01:49 IST" name="verifyRegisterationWithInValidData" finished-at="2024-04-27T00:01:50 IST" duration-ms="1104" status="PASS">
          <reporter-output>
          </reporter-output>
        </test-method> <!-- verifyRegisterationWithInValidData -->
        <test-method is-config="true" signature="launchBrowserAndUrl()[pri:0, instance:testcases.VerifyRegistrationTestcases@dd8ba08]" started-at="2024-04-27T00:01:50 IST" name="launchBrowserAndUrl" finished-at="2024-04-27T00:01:52 IST" duration-ms="1718" status="PASS">
          <reporter-output>
          </reporter-output>
        </test-method> <!-- launchBrowserAndUrl -->
        <test-method signature="verifyRegisterationWithValidData()[pri:2, instance:testcases.VerifyRegistrationTestcases@dd8ba08]" started-at="2024-04-27T00:01:52 IST" name="verifyRegisterationWithValidData" finished-at="2024-04-27T00:01:55 IST" duration-ms="2917" status="PASS">
          <reporter-output>
          </reporter-output>
        </test-method> <!-- verifyRegisterationWithValidData -->
        <test-method is-config="true" signature="endReport()[pri:0, instance:testcases.VerifyRegistrationTestcases@dd8ba08]" started-at="2024-04-27T00:02:07 IST" name="endReport" finished-at="2024-04-27T00:02:07 IST" duration-ms="620" status="PASS">
          <reporter-output>
          </reporter-output>
        </test-method> <!-- endReport -->
      </class> <!-- testcases.VerifyRegistrationTestcases -->
      <class name="testcases.VerifyLoginTestcases">
        <test-method is-config="true" signature="launchBrowserAndUrl()[pri:0, instance:testcases.VerifyLoginTestcases@72d1ad2e]" started-at="2024-04-27T00:01:55 IST" name="launchBrowserAndUrl" finished-at="2024-04-27T00:01:58 IST" duration-ms="2530" status="PASS">
          <reporter-output>
          </reporter-output>
        </test-method> <!-- launchBrowserAndUrl -->
        <test-method signature="verifyLoginithInValidData()[pri:0, instance:testcases.VerifyLoginTestcases@72d1ad2e]" started-at="2024-04-27T00:01:58 IST" name="verifyLoginithInValidData" finished-at="2024-04-27T00:02:03 IST" duration-ms="5150" status="PASS">
          <reporter-output>
          </reporter-output>
        </test-method> <!-- verifyLoginithInValidData -->
        <test-method is-config="true" signature="launchBrowserAndUrl()[pri:0, instance:testcases.VerifyLoginTestcases@72d1ad2e]" started-at="2024-04-27T00:02:03 IST" name="launchBrowserAndUrl" finished-at="2024-04-27T00:02:05 IST" duration-ms="2421" status="PASS">
          <reporter-output>
          </reporter-output>
        </test-method> <!-- launchBrowserAndUrl -->
        <test-method signature="verifyLoginithValidData()[pri:0, instance:testcases.VerifyLoginTestcases@72d1ad2e]" started-at="2024-04-27T00:02:05 IST" name="verifyLoginithValidData" finished-at="2024-04-27T00:02:06 IST" duration-ms="1236" status="FAIL">
          <exception class="org.openqa.selenium.NoSuchElementException">
            <message>
              <![CDATA[no such element: Unable to locate element: {"method":"xpath","selector":"//h2[text()='My Account']"}
  (Session info: chrome=124.0.6367.61)
For documentation on this error, please visit: https://www.selenium.dev/documentation/webdriver/troubleshooting/errors#no-such-element-exception
Build info: version: '4.18.1', revision: 'b1d3319b48'
System info: os.name: 'Windows 11', os.arch: 'amd64', os.version: '10.0', java.version: '21.0.2'
Driver info: org.openqa.selenium.chrome.ChromeDriver
Command: [fa615cf9f25c84c4e759dcf1455c1e05, findElement {using=xpath, value=//h2[text()='My Account']}]
Capabilities {acceptInsecureCerts: false, browserName: chrome, browserVersion: 124.0.6367.61, chrome: {chromedriverVersion: 124.0.6367.91 (51df0e5e17a8..., userDataDir: C:\Users\91855\AppData\Loca...}, fedcm:accounts: true, goog:chromeOptions: {debuggerAddress: localhost:51477}, networkConnectionEnabled: false, pageLoadStrategy: normal, platformName: windows, proxy: Proxy(), se:cdp: ws://localhost:51477/devtoo..., se:cdpVersion: 124.0.6367.61, setWindowRect: true, strictFileInteractability: false, timeouts: {implicit: 0, pageLoad: 300000, script: 30000}, unhandledPromptBehavior: dismiss and notify, webauthn:extension:credBlob: true, webauthn:extension:largeBlob: true, webauthn:extension:minPinLength: true, webauthn:extension:prf: true, webauthn:virtualAuthenticators: true}
Session ID: fa615cf9f25c84c4e759dcf1455c1e05]]>
            </message>
            <full-stacktrace>
              <![CDATA[org.openqa.selenium.NoSuchElementException: no such element: Unable to locate element: {"method":"xpath","selector":"//h2[text()='My Account']"}
  (Session info: chrome=124.0.6367.61)
For documentation on this error, please visit: https://www.selenium.dev/documentation/webdriver/troubleshooting/errors#no-such-element-exception
Build info: version: '4.18.1', revision: 'b1d3319b48'
System info: os.name: 'Windows 11', os.arch: 'amd64', os.version: '10.0', java.version: '21.0.2'
Driver info: org.openqa.selenium.chrome.ChromeDriver
Command: [fa615cf9f25c84c4e759dcf1455c1e05, findElement {using=xpath, value=//h2[text()='My Account']}]
Capabilities {acceptInsecureCerts: false, browserName: chrome, browserVersion: 124.0.6367.61, chrome: {chromedriverVersion: 124.0.6367.91 (51df0e5e17a8..., userDataDir: C:\Users\91855\AppData\Loca...}, fedcm:accounts: true, goog:chromeOptions: {debuggerAddress: localhost:51477}, networkConnectionEnabled: false, pageLoadStrategy: normal, platformName: windows, proxy: Proxy(), se:cdp: ws://localhost:51477/devtoo..., se:cdpVersion: 124.0.6367.61, setWindowRect: true, strictFileInteractability: false, timeouts: {implicit: 0, pageLoad: 300000, script: 30000}, unhandledPromptBehavior: dismiss and notify, webauthn:extension:credBlob: true, webauthn:extension:largeBlob: true, webauthn:extension:minPinLength: true, webauthn:extension:prf: true, webauthn:virtualAuthenticators: true}
Session ID: fa615cf9f25c84c4e759dcf1455c1e05
at java.base/jdk.internal.reflect.DirectConstructorHandleAccessor.newInstance(DirectConstructorHandleAccessor.java:62)
at java.base/java.lang.reflect.Constructor.newInstanceWithCaller(Constructor.java:502)
at java.base/java.lang.reflect.Constructor.newInstance(Constructor.java:486)
at org.openqa.selenium.remote.ErrorCodec.decode(ErrorCodec.java:167)
at org.openqa.selenium.remote.codec.w3c.W3CHttpResponseCodec.decode(W3CHttpResponseCodec.java:138)
at org.openqa.selenium.remote.codec.w3c.W3CHttpResponseCodec.decode(W3CHttpResponseCodec.java:50)
at org.openqa.selenium.remote.HttpCommandExecutor.execute(HttpCommandExecutor.java:190)
at org.openqa.selenium.remote.service.DriverCommandExecutor.invokeExecute(DriverCommandExecutor.java:216)
at org.openqa.selenium.remote.service.DriverCommandExecutor.execute(DriverCommandExecutor.java:174)
at org.openqa.selenium.remote.RemoteWebDriver.execute(RemoteWebDriver.java:519)
at org.openqa.selenium.remote.ElementLocation$ElementFinder$2.findElement(ElementLocation.java:165)
at org.openqa.selenium.remote.ElementLocation.findElement(ElementLocation.java:59)
at org.openqa.selenium.remote.RemoteWebDriver.findElement(RemoteWebDriver.java:356)
at org.openqa.selenium.remote.RemoteWebDriver.findElement(RemoteWebDriver.java:350)
at pageobjectmodel.LoginPageObjects.Actual(LoginPageObjects.java:47)
at testcases.VerifyLoginTestcases.verifyLoginithValidData(VerifyLoginTestcases.java:34)
at java.base/jdk.internal.reflect.DirectMethodHandleAccessor.invoke(DirectMethodHandleAccessor.java:103)
at java.base/java.lang.reflect.Method.invoke(Method.java:580)
at org.testng.internal.MethodInvocationHelper.invokeMethod(MethodInvocationHelper.java:133)
at org.testng.internal.TestInvoker.invokeMethod(TestInvoker.java:598)
at org.testng.internal.TestInvoker.invokeTestMethod(TestInvoker.java:173)
at org.testng.internal.MethodRunner.runInSequence(MethodRunner.java:46)
at org.testng.internal.TestInvoker$MethodInvocationAgent.invoke(TestInvoker.java:824)
at org.testng.internal.TestInvoker.invokeTestMethods(TestInvoker.java:146)
at org.testng.internal.TestMethodWorker.invokeTestMethods(TestMethodWorker.java:146)
at org.testng.internal.TestMethodWorker.run(TestMethodWorker.java:128)
at java.base/java.util.ArrayList.forEach(ArrayList.java:1596)
at org.testng.TestRunner.privateRun(TestRunner.java:794)
at org.testng.TestRunner.run(TestRunner.java:596)
at org.testng.SuiteRunner.runTest(SuiteRunner.java:377)
at org.testng.SuiteRunner.runSequentially(SuiteRunner.java:371)
at org.testng.SuiteRunner.privateRun(SuiteRunner.java:332)
at org.testng.SuiteRunner.run(SuiteRunner.java:276)
at org.testng.SuiteRunnerWorker.runSuite(SuiteRunnerWorker.java:53)
at org.testng.SuiteRunnerWorker.run(SuiteRunnerWorker.java:96)
at org.testng.TestNG.runSuitesSequentially(TestNG.java:1212)
at org.testng.TestNG.runSuitesLocally(TestNG.java:1134)
at org.testng.TestNG.runSuites(TestNG.java:1063)
at org.testng.TestNG.run(TestNG.java:1031)
at org.testng.remote.AbstractRemoteTestNG.run(AbstractRemoteTestNG.java:115)
at org.testng.remote.RemoteTestNG.initAndRun(RemoteTestNG.java:293)
at org.testng.remote.RemoteTestNG.main(RemoteTestNG.java:91)
]]>
            </full-stacktrace>
          </exception> <!-- org.openqa.selenium.NoSuchElementException -->
          <reporter-output>
          </reporter-output>
        </test-method> <!-- verifyLoginithValidData -->
      </class> <!-- testcases.VerifyLoginTestcases -->
    </test> <!-- Test -->
  </suite> <!-- Suite -->
</testng-results>
